[LOG] -> Order ID: ORD1745766952 has been successfully checked out and paid using Cash.
1	Laptop	999.990000	1
2	Smartphone	599.990000	1
3	Headphones	99.990000	1
4	Mouse	19.990000	1
[LOG] -> Order ID: ORD1745767101 has been successfully checked out and paid using GCash.
1	Laptop	999.990000	6
[LOG] -> Order ID: ORD1745767325 has been successfully checked out and paid using Cash.
1	Laptop	999.990000	1
2	Smartphone	599.990000	1
3	Headphones	99.990000	1
4	Mouse	19.990000	1
5	Keyboard	49.990000	1
Total Amount: $1769.95

[LOG] -> Order ID: ORD1745767849 has been successfully checked out and paid using Credit/Debit Card.
1	Laptop	999.990000	1
2	Smartphone	599.990000	1
3	Headphones	99.990000	1
4	Mouse	19.990000	2
5	Keyboard	49.990000	3
Total Amount: $1889.92

[LOG] -> Order ID: ORD1745768782 has been successfully checked out and paid using GCash.
1	Laptop	999.990000	1
2	Smartphone	599.990000	1
3	Headphones	99.990000	1
4	Mouse	19.990000	1
5	Keyboard	49.990000	4
Total Amount: $1919.92

[LOG] -> Order ID: ORD1745768964 has been successfully checked out and paid using GCash.
1	Laptop	999.990000	1
2	Smartphone	599.990000	2
3	Headphones	99.990000	1
4	Mouse	19.990000	1
5	Keyboard	49.990000	3
Total Amount: $2469.92

[LOG] -> Order ID: ORD1745769083 has been successfully checked out and paid using GCash.
1	Laptop	999.990000	1
2	Smartphone	599.990000	1
3	Headphones	99.990000	1
4	Mouse	19.990000	1
5	Keyboard	49.990000	3
Total Amount: $1869.93

